
2023-07-27 07:35:10...installerHook: Info: custom/install/install_hooks.php not present, no custom hooks to execute
2023-07-27 07:35:14...Begin System Check Process *************
2023-07-27 07:35:14...ERROR:: Functions associated with XML Parser Libraries that are needed by the SuiteCRM application were not found. You might need to uncomment the extension in the  php.ini file, or recompile with the right binary file, depending on your version of PHP. Please refer to your PHP Manual for more information.
2023-07-27 07:35:14...JSON Parsing Support Found
2023-07-27 07:35:14...MBString Support Found
2023-07-27 07:35:14...ZIP Support Found
2023-07-27 07:35:14.../custom directory and subdirectory check passed
2023-07-27 07:35:14...cache directory and subdirectory check passed
2023-07-27 07:35:14.../module  directory and subdirectory check passed
2023-07-27 07:35:14.../upload directory check passed
2023-07-27 07:35:14.../zip check passed
2023-07-27 07:35:14...PCRE version check passed
2023-07-27 07:35:14...installerHook: Info: custom/install/install_hooks.php not present, no custom hooks to execute
2023-07-27 07:35:14...php.ini location found. /etc/php/7.4/apache2/php.ini
2023-07-27 07:35:14...Outputting HTML for System check
2023-07-27 07:35:14...Errors were found *************
2023-07-27 07:38:17...installerHook: Info: custom/install/install_hooks.php not present, no custom hooks to execute
2023-07-27 07:38:21...Begin System Check Process *************
2023-07-27 07:38:21...XML Parsing Support Found
2023-07-27 07:38:21...JSON Parsing Support Found
2023-07-27 07:38:21...MBString Support Found
2023-07-27 07:38:21...ZIP Support Found
2023-07-27 07:38:21.../custom directory and subdirectory check passed
2023-07-27 07:38:21...cache directory and subdirectory check passed
2023-07-27 07:38:21.../module  directory and subdirectory check passed
2023-07-27 07:38:21.../upload directory check passed
2023-07-27 07:38:21.../zip check passed
2023-07-27 07:38:21...PCRE version check passed
2023-07-27 07:38:21...installerHook: Info: custom/install/install_hooks.php not present, no custom hooks to execute
2023-07-27 07:38:21...php.ini location found. /etc/php/7.4/apache2/php.ini
2023-07-27 07:38:21...Outputting HTML for System check
2023-07-27 07:38:21...No Errors were found *************
2023-07-27 07:38:21...installerHook: Info: custom/install/install_hooks.php not present, no custom hooks to execute
2023-07-27 07:38:28...installerHook: Info: custom/install/install_hooks.php not present, no custom hooks to execute
2023-07-27 07:39:22...Begin DB Check Process *************
2023-07-27 07:39:22...testing with mysql:mysqli
2023-07-27 07:39:22...Basic form info is valid, continuing Process.
2023-07-27 07:39:22...Testing user account...
2023-07-27 07:40:22...ERROR::  The provided database host, username, and/or password is invalid, and a connection to the database could not be established. Please enter a valid host, username and password
2023-07-27 07:40:22...FATAL:: errors have been detected!  User will not be allowed to continue.  Errors are as follow:
2023-07-27 07:40:22..... The provided database host, username, and/or password is invalid, and a connection to the database could not be established. Please enter a valid host, username and password
2023-07-27 07:40:22...End DB Check Process *************
2023-07-27 07:44:53...Begin DB Check Process *************
2023-07-27 07:44:53...testing with mysql:mysqli
2023-07-27 07:44:53...Basic form info is valid, continuing Process.
2023-07-27 07:44:53...Testing user account...
2023-07-27 07:44:53...ERROR::  The provided database host, username, and/or password is invalid, and a connection to the database could not be established. Please enter a valid host, username and password
2023-07-27 07:44:53...FATAL:: errors have been detected!  User will not be allowed to continue.  Errors are as follow:
2023-07-27 07:44:53..... The provided database host, username, and/or password is invalid, and a connection to the database could not be established. Please enter a valid host, username and password
2023-07-27 07:44:53...End DB Check Process *************
2023-07-27 07:45:08...Begin DB Check Process *************
2023-07-27 07:45:08...testing with mysql:mysqli
2023-07-27 07:45:08...Basic form info is valid, continuing Process.
2023-07-27 07:45:08...Testing user account...
2023-07-27 07:45:08...ERROR::  The provided database host, username, and/or password is invalid, and a connection to the database could not be established. Please enter a valid host, username and password
2023-07-27 07:45:08...FATAL:: errors have been detected!  User will not be allowed to continue.  Errors are as follow:
2023-07-27 07:45:08..... The provided database host, username, and/or password is invalid, and a connection to the database could not be established. Please enter a valid host, username and password
2023-07-27 07:45:08...End DB Check Process *************
2023-07-27 07:45:32...Begin DB Check Process *************
2023-07-27 07:45:32...testing with mysql:mysqli
2023-07-27 07:45:32...Basic form info is valid, continuing Process.
2023-07-27 07:45:32...Testing user account...
2023-07-27 07:46:32...ERROR::  The provided database host, username, and/or password is invalid, and a connection to the database could not be established. Please enter a valid host, username and password
2023-07-27 07:46:32...FATAL:: errors have been detected!  User will not be allowed to continue.  Errors are as follow:
2023-07-27 07:46:32..... The provided database host, username, and/or password is invalid, and a connection to the database could not be established. Please enter a valid host, username and password
2023-07-27 07:46:32...End DB Check Process *************
2023-07-27 07:47:06...Begin DB Check Process *************
2023-07-27 07:47:06...testing with mysql:mysqli
2023-07-27 07:47:06...Basic form info is valid, continuing Process.
2023-07-27 07:47:06...Testing user account...
2023-07-27 07:48:06...ERROR::  The provided database host, username, and/or password is invalid, and a connection to the database could not be established. Please enter a valid host, username and password
2023-07-27 07:48:06...FATAL:: errors have been detected!  User will not be allowed to continue.  Errors are as follow:
2023-07-27 07:48:06..... The provided database host, username, and/or password is invalid, and a connection to the database could not be established. Please enter a valid host, username and password
2023-07-27 07:48:06...End DB Check Process *************
2023-07-27 07:48:18...Begin DB Check Process *************
2023-07-27 07:48:18...testing with mysql:mysqli
2023-07-27 07:48:18...Basic form info is valid, continuing Process.
2023-07-27 07:48:18...Testing user account...
2023-07-27 07:49:19...ERROR::  The provided database host, username, and/or password is invalid, and a connection to the database could not be established. Please enter a valid host, username and password
2023-07-27 07:49:19...FATAL:: errors have been detected!  User will not be allowed to continue.  Errors are as follow:
2023-07-27 07:49:19..... The provided database host, username, and/or password is invalid, and a connection to the database could not be established. Please enter a valid host, username and password
2023-07-27 07:49:19...End DB Check Process *************
2023-07-27 07:50:30...Begin DB Check Process *************
2023-07-27 07:50:30...testing with mysql:mysqli
2023-07-27 07:50:30...Basic form info is valid, continuing Process.
2023-07-27 07:50:30...Testing user account...
2023-07-27 07:51:30...ERROR::  The provided database host, username, and/or password is invalid, and a connection to the database could not be established. Please enter a valid host, username and password
2023-07-27 07:51:30...FATAL:: errors have been detected!  User will not be allowed to continue.  Errors are as follow:
2023-07-27 07:51:30..... The provided database host, username, and/or password is invalid, and a connection to the database could not be established. Please enter a valid host, username and password
2023-07-27 07:51:30...End DB Check Process *************
2023-07-27 08:21:56...installerHook: Info: custom/install/install_hooks.php not present, no custom hooks to execute
2023-07-27 08:22:05...Begin System Check Process *************
2023-07-27 08:22:05...XML Parsing Support Found
2023-07-27 08:22:05...JSON Parsing Support Found
2023-07-27 08:22:05...MBString Support Found
2023-07-27 08:22:05...ZIP Support Found
2023-07-27 08:22:05.../custom directory and subdirectory check passed
2023-07-27 08:22:05...cache directory and subdirectory check passed
2023-07-27 08:22:05.../module  directory and subdirectory check passed
2023-07-27 08:22:05.../upload directory check passed
2023-07-27 08:22:05.../zip check passed
2023-07-27 08:22:05...PCRE version check passed
2023-07-27 08:22:05...installerHook: Info: custom/install/install_hooks.php not present, no custom hooks to execute
2023-07-27 08:22:05...php.ini location found. /etc/php/7.4/apache2/php.ini
2023-07-27 08:22:05...Outputting HTML for System check
2023-07-27 08:22:05...No Errors were found *************
2023-07-27 08:22:06...installerHook: Info: custom/install/install_hooks.php not present, no custom hooks to execute
2023-07-27 08:22:13...installerHook: Info: custom/install/install_hooks.php not present, no custom hooks to execute
2023-07-27 08:23:06...Begin DB Check Process *************
2023-07-27 08:23:06...testing with mysql:mysqli
2023-07-27 08:23:06...Basic form info is valid, continuing Process.
2023-07-27 08:23:06...Testing user account...
2023-07-27 08:24:07...ERROR::  The provided database host, username, and/or password is invalid, and a connection to the database could not be established. Please enter a valid host, username and password
2023-07-27 08:24:07...FATAL:: errors have been detected!  User will not be allowed to continue.  Errors are as follow:
2023-07-27 08:24:07..... The provided database host, username, and/or password is invalid, and a connection to the database could not be established. Please enter a valid host, username and password
2023-07-27 08:24:07...End DB Check Process *************
2023-07-27 08:24:46...Begin DB Check Process *************
2023-07-27 08:24:46...testing with mysql:mysqli
2023-07-27 08:24:46...Basic form info is valid, continuing Process.
2023-07-27 08:24:46...Testing user account...
2023-07-27 08:25:46...ERROR::  The provided database host, username, and/or password is invalid, and a connection to the database could not be established. Please enter a valid host, username and password
2023-07-27 08:25:46...FATAL:: errors have been detected!  User will not be allowed to continue.  Errors are as follow:
2023-07-27 08:25:46..... The provided database host, username, and/or password is invalid, and a connection to the database could not be established. Please enter a valid host, username and password
2023-07-27 08:25:46...End DB Check Process *************
2023-07-27 08:46:43...Begin DB Check Process *************
2023-07-27 08:46:43...testing with mysql:mysqli
2023-07-27 08:46:43...Basic form info is valid, continuing Process.
2023-07-27 08:46:43...Testing user account...
2023-07-27 08:47:43...ERROR::  The provided database host, username, and/or password is invalid, and a connection to the database could not be established. Please enter a valid host, username and password
2023-07-27 08:47:43...FATAL:: errors have been detected!  User will not be allowed to continue.  Errors are as follow:
2023-07-27 08:47:43..... The provided database host, username, and/or password is invalid, and a connection to the database could not be established. Please enter a valid host, username and password
2023-07-27 08:47:43...End DB Check Process *************
2023-07-27 08:48:04...installerHook: Info: custom/install/install_hooks.php not present, no custom hooks to execute
2023-07-27 08:48:09...Begin System Check Process *************
2023-07-27 08:48:09...XML Parsing Support Found
2023-07-27 08:48:09...JSON Parsing Support Found
2023-07-27 08:48:09...MBString Support Found
2023-07-27 08:48:09...ZIP Support Found
2023-07-27 08:48:09.../custom directory and subdirectory check passed
2023-07-27 08:48:09...cache directory and subdirectory check passed
2023-07-27 08:48:09.../module  directory and subdirectory check passed
2023-07-27 08:48:09.../upload directory check passed
2023-07-27 08:48:09.../zip check passed
2023-07-27 08:48:09...PCRE version check passed
2023-07-27 08:48:09...installerHook: Info: custom/install/install_hooks.php not present, no custom hooks to execute
2023-07-27 08:48:09...php.ini location found. /etc/php/7.4/apache2/php.ini
2023-07-27 08:48:09...Outputting HTML for System check
2023-07-27 08:48:09...No Errors were found *************
2023-07-27 08:48:10...installerHook: Info: custom/install/install_hooks.php not present, no custom hooks to execute
2023-07-27 08:48:13...installerHook: Info: custom/install/install_hooks.php not present, no custom hooks to execute
2023-07-27 08:48:34...Begin DB Check Process *************
2023-07-27 08:48:34...testing with mysql:mysqli
2023-07-27 08:48:34...Basic form info is valid, continuing Process.
2023-07-27 08:48:34...Testing user account...
2023-07-27 08:49:34...ERROR::  The provided database host, username, and/or password is invalid, and a connection to the database could not be established. Please enter a valid host, username and password
2023-07-27 08:49:34...FATAL:: errors have been detected!  User will not be allowed to continue.  Errors are as follow:
2023-07-27 08:49:34..... The provided database host, username, and/or password is invalid, and a connection to the database could not be established. Please enter a valid host, username and password
2023-07-27 08:49:34...End DB Check Process *************
2023-07-27 09:07:10...Begin DB Check Process *************
2023-07-27 09:07:10...testing with mysql:mysqli
2023-07-27 09:07:10...Basic form info is valid, continuing Process.
2023-07-27 09:07:10...Testing user account...
2023-07-27 09:07:10...Connection made using  host: localhost, usr: root
2023-07-27 09:07:10...SUCCESS:: no errors detected!
2023-07-27 09:07:10...End DB Check Process *************
2023-07-27 09:07:11...installerHook: Info: custom/install/install_hooks.php not present, no custom hooks to execute
2023-07-27 09:07:11...calling handleSugarConfig()
2023-07-27 09:07:11...calling handleHtaccess()
2023-07-27 09:07:11...calling handleDbCreateDatabase()
2023-07-27 09:07:11...looping through all the Beans and create their tables
2023-07-27 09:07:11...processing table acl_actions
2023-07-27 09:07:11...creating table acl_actions
2023-07-27 09:07:11...creating Relationship Meta for ACLAction
2023-07-27 09:07:11...processing table acl_roles
2023-07-27 09:07:11...creating table acl_roles
2023-07-27 09:07:11...creating Relationship Meta for ACLRole
2023-07-27 09:07:11...processing table relationships
2023-07-27 09:07:11...creating table relationships
2023-07-27 09:07:11...creating Relationship Meta for Relationship
2023-07-27 09:07:11...processing table leads
2023-07-27 09:07:12...creating table leads
2023-07-27 09:07:12...creating Relationship Meta for Lead
2023-07-27 09:07:12...processing table cases
2023-07-27 09:07:12...creating table cases
2023-07-27 09:07:12...creating Relationship Meta for Case
2023-07-27 09:07:12...processing table bugs
2023-07-27 09:07:12...creating table bugs
2023-07-27 09:07:12...creating Relationship Meta for Bug
2023-07-27 09:07:12...processing table users
2023-07-27 09:07:12...creating table users
2023-07-27 09:07:12...creating Relationship Meta for User
2023-07-27 09:07:12...processing table campaign_log
2023-07-27 09:07:12...creating table campaign_log
2023-07-27 09:07:12...creating Relationship Meta for CampaignLog
2023-07-27 09:07:12...processing table project
2023-07-27 09:07:12...creating table project
2023-07-27 09:07:12...creating Relationship Meta for Project
2023-07-27 09:07:12...processing table project_task
2023-07-27 09:07:12...creating table project_task
2023-07-27 09:07:12...creating Relationship Meta for ProjectTask
2023-07-27 09:07:12...processing table campaigns
2023-07-27 09:07:12...creating table campaigns
2023-07-27 09:07:12...creating Relationship Meta for Campaign
2023-07-27 09:07:12...processing table prospect_lists
2023-07-27 09:07:12...creating table prospect_lists
2023-07-27 09:07:12...creating Relationship Meta for ProspectList
2023-07-27 09:07:12...processing table prospects
2023-07-27 09:07:12...creating table prospects
2023-07-27 09:07:12...creating Relationship Meta for Prospect
2023-07-27 09:07:12...processing table email_marketing
2023-07-27 09:07:12...creating table email_marketing
2023-07-27 09:07:12...creating Relationship Meta for EmailMarketing
2023-07-27 09:07:13...processing table campaign_trkrs
2023-07-27 09:07:13...creating table campaign_trkrs
2023-07-27 09:07:13...creating Relationship Meta for CampaignTracker
2023-07-27 09:07:13...processing table releases
2023-07-27 09:07:13...creating table releases
2023-07-27 09:07:13...creating Relationship Meta for Release
2023-07-27 09:07:13...processing table emailman
2023-07-27 09:07:13...creating table emailman
2023-07-27 09:07:13...creating Relationship Meta for EmailMan
2023-07-27 09:07:13...processing table schedulers
2023-07-27 09:07:13...creating table schedulers
2023-07-27 09:07:13...creating Relationship Meta for Scheduler
2023-07-27 09:07:13...processing table job_queue
2023-07-27 09:07:13...creating table job_queue
2023-07-27 09:07:13...creating Relationship Meta for SchedulersJob
2023-07-27 09:07:13...processing table contacts
2023-07-27 09:07:13...creating table contacts
2023-07-27 09:07:13...creating Relationship Meta for Contact
2023-07-27 09:07:13...processing table accounts
2023-07-27 09:07:13...creating table accounts
2023-07-27 09:07:13...creating Relationship Meta for Account
2023-07-27 09:07:13...processing table opportunities
2023-07-27 09:07:13...creating table opportunities
2023-07-27 09:07:13...creating Relationship Meta for Opportunity
2023-07-27 09:07:13...processing table email_templates
2023-07-27 09:07:13...creating table email_templates
2023-07-27 09:07:13...creating Relationship Meta for EmailTemplate
2023-07-27 09:07:13...processing table notes
2023-07-27 09:07:13...creating table notes
2023-07-27 09:07:13...creating Relationship Meta for Note
2023-07-27 09:07:13...processing table calls
2023-07-27 09:07:13...creating table calls
2023-07-27 09:07:13...creating Relationship Meta for Call
2023-07-27 09:07:13...processing table emails
2023-07-27 09:07:13...creating table emails
2023-07-27 09:07:13...creating Relationship Meta for Email
2023-07-27 09:07:13...processing table meetings
2023-07-27 09:07:13...creating table meetings
2023-07-27 09:07:13...creating Relationship Meta for Meeting
2023-07-27 09:07:13...processing table tasks
2023-07-27 09:07:14...creating table tasks
2023-07-27 09:07:14...creating Relationship Meta for Task
2023-07-27 09:07:14...processing table users
2023-07-27 09:07:14...processing table users
2023-07-27 09:07:14...processing table currencies
2023-07-27 09:07:14...creating table currencies
2023-07-27 09:07:14...creating Relationship Meta for Currency
2023-07-27 09:07:14...processing table tracker
2023-07-27 09:07:14...creating table tracker
2023-07-27 09:07:14...creating Relationship Meta for Tracker
2023-07-27 09:07:14...processing table import_maps
2023-07-27 09:07:14...creating table import_maps
2023-07-27 09:07:14...creating Relationship Meta for ImportMap
2023-07-27 09:07:14...processing table users_last_import
2023-07-27 09:07:14...creating table users_last_import
2023-07-27 09:07:14...creating Relationship Meta for UsersLastImport
2023-07-27 09:07:14...processing table config
2023-07-27 09:07:14...creating table config
2023-07-27 09:07:14...creating Relationship Meta for Administration
2023-07-27 09:07:14...processing table upgrade_history
2023-07-27 09:07:14...creating table upgrade_history
2023-07-27 09:07:14...creating Relationship Meta for UpgradeHistory
2023-07-27 09:07:14...processing table vcals
2023-07-27 09:07:14...creating table vcals
2023-07-27 09:07:14...creating Relationship Meta for vCal
2023-07-27 09:07:14...processing table alerts
2023-07-27 09:07:14...creating table alerts
2023-07-27 09:07:14...creating Relationship Meta for Alert
2023-07-27 09:07:14...processing table roles
2023-07-27 09:07:14...creating table roles
2023-07-27 09:07:14...creating Relationship Meta for Role
2023-07-27 09:07:14...processing table documents
2023-07-27 09:07:14...creating table documents
2023-07-27 09:07:14...creating Relationship Meta for Document
2023-07-27 09:07:14...processing table document_revisions
2023-07-27 09:07:14...creating table document_revisions
2023-07-27 09:07:14...creating Relationship Meta for DocumentRevision
2023-07-27 09:07:14...processing table fields_meta_data
2023-07-27 09:07:14...creating table fields_meta_data
2023-07-27 09:07:14...creating Relationship Meta for FieldsMetaData
2023-07-27 09:07:14...processing table 
2023-07-27 09:07:14...processing table inbound_email
2023-07-27 09:07:14...creating table inbound_email
2023-07-27 09:07:14...creating Relationship Meta for InboundEmail
2023-07-27 09:07:14...processing table saved_search
2023-07-27 09:07:14...creating table saved_search
2023-07-27 09:07:14...creating Relationship Meta for SavedSearch
2023-07-27 09:07:14...processing table user_preferences
2023-07-27 09:07:14...creating table user_preferences
2023-07-27 09:07:14...creating Relationship Meta for UserPreference
2023-07-27 09:07:14...processing table 
2023-07-27 09:07:14...processing table email_addresses
2023-07-27 09:07:14...creating table email_addresses
2023-07-27 09:07:14...creating Relationship Meta for EmailAddress
2023-07-27 09:07:14...processing table emails_text
2023-07-27 09:07:14...creating table emails_text
2023-07-27 09:07:14...creating Relationship Meta for EmailText
2023-07-27 09:07:14...processing table spots
2023-07-27 09:07:14...creating table spots
2023-07-27 09:07:14...creating Relationship Meta for Spots
2023-07-27 09:07:14...processing table aobh_businesshours
2023-07-27 09:07:14...creating table aobh_businesshours
2023-07-27 09:07:14...creating Relationship Meta for AOBH_BusinessHours
2023-07-27 09:07:14...processing table sugarfeed
2023-07-27 09:07:14...creating table sugarfeed
2023-07-27 09:07:14...creating Relationship Meta for SugarFeed
2023-07-27 09:07:14...processing table eapm
2023-07-27 09:07:14...creating table eapm
2023-07-27 09:07:14...creating Relationship Meta for EAPM
2023-07-27 09:07:14...processing table oauth_consumer
2023-07-27 09:07:14...creating table oauth_consumer
2023-07-27 09:07:14...creating Relationship Meta for OAuthKey
2023-07-27 09:07:14...processing table oauth_tokens
2023-07-27 09:07:14...creating table oauth_tokens
2023-07-27 09:07:14...creating Relationship Meta for OAuthToken
2023-07-27 09:07:14...processing table am_projecttemplates
2023-07-27 09:07:15...creating table am_projecttemplates
2023-07-27 09:07:15...creating Relationship Meta for AM_ProjectTemplates
2023-07-27 09:07:15...processing table am_tasktemplates
2023-07-27 09:07:15...creating table am_tasktemplates
2023-07-27 09:07:15...creating Relationship Meta for AM_TaskTemplates
2023-07-27 09:07:15...processing table favorites
2023-07-27 09:07:15...creating table favorites
2023-07-27 09:07:15...creating Relationship Meta for Favorites
2023-07-27 09:07:15...processing table aok_knowledge_base_categories
2023-07-27 09:07:15...creating table aok_knowledge_base_categories
2023-07-27 09:07:15...creating Relationship Meta for AOK_Knowledge_Base_Categories
2023-07-27 09:07:15...processing table aok_knowledgebase
2023-07-27 09:07:15...creating table aok_knowledgebase
2023-07-27 09:07:15...creating Relationship Meta for AOK_KnowledgeBase
2023-07-27 09:07:15...processing table reminders
2023-07-27 09:07:15...creating table reminders
2023-07-27 09:07:15...creating Relationship Meta for Reminder
2023-07-27 09:07:15...processing table reminders_invitees
2023-07-27 09:07:15...creating table reminders_invitees
2023-07-27 09:07:15...creating Relationship Meta for Reminder_Invitee
2023-07-27 09:07:15...processing table fp_events
2023-07-27 09:07:15...creating table fp_events
2023-07-27 09:07:15...creating Relationship Meta for FP_events
2023-07-27 09:07:15...processing table fp_event_locations
2023-07-27 09:07:15...creating table fp_event_locations
2023-07-27 09:07:15...creating Relationship Meta for FP_Event_Locations
2023-07-27 09:07:15...processing table aod_indexevent
2023-07-27 09:07:15...creating table aod_indexevent
2023-07-27 09:07:15...creating Relationship Meta for AOD_IndexEvent
2023-07-27 09:07:15...processing table aod_index
2023-07-27 09:07:15...creating table aod_index
2023-07-27 09:07:15...creating Relationship Meta for AOD_Index
2023-07-27 09:07:16...processing table aop_case_events
2023-07-27 09:07:16...creating table aop_case_events
2023-07-27 09:07:16...creating Relationship Meta for AOP_Case_Events
2023-07-27 09:07:16...processing table aop_case_updates
2023-07-27 09:07:16...creating table aop_case_updates
2023-07-27 09:07:16...creating Relationship Meta for AOP_Case_Updates
2023-07-27 09:07:16...processing table aor_reports
2023-07-27 09:07:16...creating table aor_reports
2023-07-27 09:07:16...creating Relationship Meta for AOR_Report
2023-07-27 09:07:16...processing table aor_fields
2023-07-27 09:07:16...creating table aor_fields
2023-07-27 09:07:16...creating Relationship Meta for AOR_Field
2023-07-27 09:07:16...processing table aor_charts
2023-07-27 09:07:16...creating table aor_charts
2023-07-27 09:07:16...creating Relationship Meta for AOR_Chart
2023-07-27 09:07:16...processing table aor_conditions
2023-07-27 09:07:16...creating table aor_conditions
2023-07-27 09:07:16...creating Relationship Meta for AOR_Condition
2023-07-27 09:07:16...processing table aor_scheduled_reports
2023-07-27 09:07:16...creating table aor_scheduled_reports
2023-07-27 09:07:16...creating Relationship Meta for AOR_Scheduled_Reports
2023-07-27 09:07:16...processing table aos_contracts
2023-07-27 09:07:16...creating table aos_contracts
2023-07-27 09:07:16...creating Relationship Meta for AOS_Contracts
2023-07-27 09:07:16...processing table aos_invoices
2023-07-27 09:07:16...creating table aos_invoices
2023-07-27 09:07:16...creating Relationship Meta for AOS_Invoices
2023-07-27 09:07:16...processing table aos_pdf_templates
2023-07-27 09:07:16...creating table aos_pdf_templates
2023-07-27 09:07:16...creating Relationship Meta for AOS_PDF_Templates
2023-07-27 09:07:16...processing table aos_product_categories
2023-07-27 09:07:16...creating table aos_product_categories
2023-07-27 09:07:16...creating Relationship Meta for AOS_Product_Categories
2023-07-27 09:07:16...processing table aos_products
2023-07-27 09:07:16...creating table aos_products
2023-07-27 09:07:16...creating Relationship Meta for AOS_Products
2023-07-27 09:07:16...processing table aos_products_quotes
2023-07-27 09:07:17...creating table aos_products_quotes
2023-07-27 09:07:17...creating Relationship Meta for AOS_Products_Quotes
2023-07-27 09:07:17...processing table aos_line_item_groups
2023-07-27 09:07:17...creating table aos_line_item_groups
2023-07-27 09:07:17...creating Relationship Meta for AOS_Line_Item_Groups
2023-07-27 09:07:17...processing table aos_quotes
2023-07-27 09:07:17...creating table aos_quotes
2023-07-27 09:07:17...creating Relationship Meta for AOS_Quotes
2023-07-27 09:07:17...processing table aow_actions
2023-07-27 09:07:17...creating table aow_actions
2023-07-27 09:07:17...creating Relationship Meta for AOW_Action
2023-07-27 09:07:17...processing table aow_workflow
2023-07-27 09:07:17...creating table aow_workflow
2023-07-27 09:07:17...creating Relationship Meta for AOW_WorkFlow
2023-07-27 09:07:17...processing table aow_processed
2023-07-27 09:07:17...creating table aow_processed
2023-07-27 09:07:17...creating Relationship Meta for AOW_Processed
2023-07-27 09:07:17...processing table aow_conditions
2023-07-27 09:07:17...creating table aow_conditions
2023-07-27 09:07:17...creating Relationship Meta for AOW_Condition
2023-07-27 09:07:17...processing table jjwg_maps
2023-07-27 09:07:17...creating table jjwg_maps
2023-07-27 09:07:17...creating Relationship Meta for jjwg_Maps
2023-07-27 09:07:17...processing table jjwg_markers
2023-07-27 09:07:17...creating table jjwg_markers
2023-07-27 09:07:17...creating Relationship Meta for jjwg_Markers
2023-07-27 09:07:17...processing table jjwg_areas
2023-07-27 09:07:17...creating table jjwg_areas
2023-07-27 09:07:17...creating Relationship Meta for jjwg_Areas
2023-07-27 09:07:17...processing table jjwg_address_cache
2023-07-27 09:07:17...creating table jjwg_address_cache
2023-07-27 09:07:17...creating Relationship Meta for jjwg_Address_Cache
2023-07-27 09:07:17...processing table calls_reschedule
2023-07-27 09:07:17...creating table calls_reschedule
2023-07-27 09:07:17...creating Relationship Meta for Calls_Reschedule
2023-07-27 09:07:17...processing table securitygroups
2023-07-27 09:07:18...creating table securitygroups
2023-07-27 09:07:18...creating Relationship Meta for SecurityGroup
2023-07-27 09:07:18...processing table outbound_email
2023-07-27 09:07:18...creating table outbound_email
2023-07-27 09:07:18...creating Relationship Meta for OutboundEmailAccounts
2023-07-27 09:07:18...processing table external_oauth_connections
2023-07-27 09:07:18...creating table external_oauth_connections
2023-07-27 09:07:18...creating Relationship Meta for ExternalOAuthConnection
2023-07-27 09:07:18...processing table external_oauth_providers
2023-07-27 09:07:18...creating table external_oauth_providers
2023-07-27 09:07:18...creating Relationship Meta for ExternalOAuthProvider
2023-07-27 09:07:18...processing table templatesectionline
2023-07-27 09:07:18...creating table templatesectionline
2023-07-27 09:07:18...creating Relationship Meta for TemplateSectionLine
2023-07-27 09:07:18...processing table oauth2tokens
2023-07-27 09:07:18...creating table oauth2tokens
2023-07-27 09:07:18...creating Relationship Meta for OAuth2Tokens
2023-07-27 09:07:18...processing table oauth2clients
2023-07-27 09:07:18...creating table oauth2clients
2023-07-27 09:07:18...creating Relationship Meta for OAuth2Clients
2023-07-27 09:07:18...processing table surveyresponses
2023-07-27 09:07:18...creating table surveyresponses
2023-07-27 09:07:18...creating Relationship Meta for SurveyResponses
2023-07-27 09:07:18...processing table surveys
2023-07-27 09:07:18...creating table surveys
2023-07-27 09:07:18...creating Relationship Meta for Surveys
2023-07-27 09:07:18...processing table surveyquestionresponses
2023-07-27 09:07:18...creating table surveyquestionresponses
2023-07-27 09:07:18...creating Relationship Meta for SurveyQuestionResponses
2023-07-27 09:07:18...processing table surveyquestions
2023-07-27 09:07:18...creating table surveyquestions
2023-07-27 09:07:18...creating Relationship Meta for SurveyQuestions
2023-07-27 09:07:18...processing table surveyquestionoptions
2023-07-27 09:07:18...creating table surveyquestionoptions
2023-07-27 09:07:18...creating Relationship Meta for SurveyQuestionOptions
2023-07-27 09:07:20...Begin creating Defaults
2023-07-27 09:07:20...insert defaults into config table
2023-07-27 09:07:20...Creating default users
2023-07-27 09:07:20...Creating default scheduler jobs
2023-07-27 09:07:20...Enable SugarFeeds
2023-07-27 09:07:20...Installation has completed *********
2023-07-27 09:07:23...populating the db with seed data
2023-07-27 09:07:23...Save configuration settings..
2023-07-27 09:07:23...save locale
2023-07-27 09:07:23...new Administration
2023-07-27 09:07:23...retrieveSettings
2023-07-27 09:07:23...AdminWizard OFF
2023-07-27 09:07:23...saveConfig
2023-07-27 09:07:23...new Configurator
2023-07-27 09:07:23...populateFromPost
2023-07-27 09:07:23...handleOverride
2023-07-27 09:07:23...addCronAllowedUser
2023-07-27 09:07:23...saveConfig
2023-07-27 09:07:23...new Currency
2023-07-27 09:07:23...retrieve
2023-07-27 09:07:23...DBG: save currency
2023-07-27 09:07:23...Save user settings..
2023-07-27 09:07:23...DBG: SugarThemeRegistry::getDefault
2023-07-27 09:07:35...installerHook: Info: custom/install/install_hooks.php not present, no custom hooks to execute