Thu Jul 27 07:40:22 2023 [15143][-none-][FATAL] Could not connect to DB server crm.jcxconstruction.ca as root. port : Connection timed out
Thu Jul 27 07:44:53 2023 [15132][-none-][FATAL] Could not connect to DB server webmaster as root. port : php_network_getaddresses: getaddrinfo failed: Temporary failure in name resolution
Thu Jul 27 07:45:08 2023 [15136][-none-][FATAL] Could not connect to DB server webmaster as root. port : php_network_getaddresses: getaddrinfo failed: Temporary failure in name resolution
Thu Jul 27 07:46:32 2023 [15134][-none-][FATAL] Could not connect to DB server crm.jcxconstruction.ca as root. port : Connection timed out
Thu Jul 27 07:48:06 2023 [15135][-none-][FATAL] Could not connect to DB server crm.jcxconstruction.ca as root. port : Connection timed out
Thu Jul 27 07:49:19 2023 [15133][-none-][FATAL] Could not connect to DB server crm.jcxconstruction.ca as webmaster. port : Connection timed out
Thu Jul 27 07:51:30 2023 [15137][-none-][FATAL] Could not connect to DB server crm.jcxconstruction.ca as webmaster. port : Connection timed out
Thu Jul 27 08:24:07 2023 [15140][-none-][FATAL] Could not connect to DB server crm.jcxconstruction.ca as root. port : Connection timed out
Thu Jul 27 08:25:46 2023 [15137][-none-][FATAL] Could not connect to DB server crm.jcxconstruction.ca as root. port : Connection timed out
Thu Jul 27 08:47:43 2023 [15143][-none-][FATAL] Could not connect to DB server crm.jcxconstruction.ca as root. port : Connection timed out
Thu Jul 27 08:49:34 2023 [15134][-none-][FATAL] Could not connect to DB server crm.jcxconstruction.ca as root. port : Connection timed out
Thu Jul 27 09:07:20 2023 [15140][1][SECURITY] OutboundEmail::checkSavePermissions - not logged in - skipping check
Thu Jul 27 09:07:20 2023 [15140][1][FATAL] User update error: Temp User is not retrieved at ID 1, boolean given
Thu Jul 27 09:07:20 2023 [15140][1][FATAL] Email address save error
Thu Jul 27 09:07:23 2023 [15140][1][SECURITY] Invalid ext  logger_file_ext : ''.
Thu Jul 27 09:07:23 2023 [15140][1][SECURITY] Setting logger_file_ext to '.log'.
Thu Jul 27 09:07:23 2023 [15140][1][SECURITY] Setting logger_file_name to ''.
Thu Jul 27 09:07:23 2023 [15140][1][SECURITY] Log file extension can't be blank.
Thu Jul 27 09:07:23 2023 [15140][1][SECURITY] Setting logger_file_name to ''.
Thu Jul 27 09:07:23 2023 [15140][1][SECURITY] Log file extension can't be blank.
Fri Jul 28 07:55:06 2023 [31097][1][FATAL] User update error: Temp User is not retrieved at ID 46711003-6431-f45d-a933-64c37446bfc9, boolean given
Fri Jul 28 07:55:06 2023 [31097][1][FATAL] Email address save error
Fri Jul 28 07:57:53 2023 [31142][46711003-6431-f45d-a933-64c37446bfc9][FATAL] Email address save error
Fri Jul 28 08:47:21 2023 [31142][46711003-6431-f45d-a933-64c37446bfc9][FATAL] Meeting::save: Bad date 28/07/2023, 14:17:14 for format m/d/Y h:ia
Fri Jul 28 08:47:21 2023 [31142][46711003-6431-f45d-a933-64c37446bfc9][FATAL] Meeting::save: Bad date 28/07/2023, 14:17:14 for format m/d/Y h:ia
Fri Jul 28 08:47:21 2023 [31142][46711003-6431-f45d-a933-64c37446bfc9][FATAL] Meeting::save: Bad date 28/07/2023, 14:17:14 for format m/d/Y h:ia
Fri Jul 28 08:47:21 2023 [31142][46711003-6431-f45d-a933-64c37446bfc9][FATAL] Meeting::save: Bad date 28/07/2023, 14:17:14 for format m/d/Y h:ia
Fri Jul 28 09:43:02 2023 [24841][1][FATAL] Email address save error
Fri Jul 28 09:43:02 2023 [24841][1][FATAL] error loading relationship project_resource
Fri Jul 28 09:43:02 2023 [24841][1][FATAL] error loading relationship am_projecttemplates_resources
Fri Jul 28 09:43:28 2023 [31096][-none-][FATAL] SECURITY: User authentication for gigadev failed
Fri Jul 28 09:43:28 2023 [31096][-none-][FATAL] FAILED LOGIN:attempts[1], ip[193.22.97.172], username[gigadev]
Fri Jul 28 13:15:52 2023 [31322][-none-][FATAL] SECURITY: User authentication for gigadev failed
Fri Jul 28 13:15:52 2023 [31322][-none-][FATAL] FAILED LOGIN:attempts[1], ip[122.179.130.37], username[gigadev]
Fri Jul 28 13:16:02 2023 [31190][-none-][FATAL] SECURITY: User authentication for gigadev failed
Fri Jul 28 13:16:02 2023 [31190][-none-][FATAL] FAILED LOGIN:attempts[1], ip[122.179.130.37], username[gigadev]
Fri Jul 28 13:16:10 2023 [31190][-none-][FATAL] SECURITY: User authentication for gigadev failed
Fri Jul 28 13:16:10 2023 [31190][-none-][FATAL] FAILED LOGIN:attempts[1], ip[122.179.130.37], username[gigadev]
Fri Jul 28 13:16:21 2023 [31142][-none-][FATAL] SECURITY: User authentication for gigadev failed
Fri Jul 28 13:16:21 2023 [31142][-none-][FATAL] FAILED LOGIN:attempts[1], ip[122.179.130.37], username[gigadev]
Fri Jul 28 13:18:17 2023 [31190][1][FATAL] User update error: Temp User is not retrieved at ID 7f6a3b46-ba7b-0628-d117-64c3c0736e81, boolean given
Fri Jul 28 13:18:17 2023 [31190][1][FATAL] Email address save error
Fri Jul 28 13:20:52 2023 [31142][7f6a3b46-ba7b-0628-d117-64c3c0736e81][FATAL] Email address save error
Fri Jul 28 14:56:15 2023 [31139][1][FATAL] error loading relationship quotes
Fri Jul 28 14:57:37 2023 [31142][1][FATAL] Email address save error
Fri Jul 28 14:57:37 2023 [31142][1][FATAL] error loading relationship project_resource
Fri Jul 28 14:57:37 2023 [31142][1][FATAL] error loading relationship am_projecttemplates_resources
Fri Jul 28 19:44:31 2023 [31142][1][FATAL] Email address save error
Fri Jul 28 19:45:38 2023 [31139][1][FATAL] Email address save error
Fri Jul 28 19:45:55 2023 [33833][1][FATAL] Email address save error
Fri Jul 28 19:46:05 2023 [31142][1][FATAL] Email address save error
Fri Jul 28 19:46:20 2023 [33416][1][FATAL] Email address save error
Sun Jul 30 13:49:30 2023 [42584][1][FATAL] error loading relationship quotes
Mon Jul 31 13:56:22 2023 [48924][1][FATAL] error loading relationship quotes
Tue Aug  1 04:05:15 2023 [54301][1][SECURITY] Invalid ext  logger_file_ext : ''.
Tue Aug  1 04:05:15 2023 [54301][1][SECURITY] Setting logger_file_ext to '.log'.
Tue Aug  1 04:05:15 2023 [54301][1][SECURITY] Setting logger_file_name to ''.
Tue Aug  1 04:05:15 2023 [54301][1][SECURITY] Log file extension can't be blank.
